[debug] [2023-01-17T00:50:44.166Z] ----------------------------------------------------------------------
[debug] [2023-01-17T00:50:44.167Z] Command:       C:\Program Files\nodejs\node.exe C:\Users\magus\AppData\Roaming\npm\node_modules\firebase-tools\lib\bin\firebase.js init
[debug] [2023-01-17T00:50:44.167Z] CLI Version:   11.20.0
[debug] [2023-01-17T00:50:44.167Z] Platform:      win32
[debug] [2023-01-17T00:50:44.167Z] Node Version:  v18.12.1
[debug] [2023-01-17T00:50:44.168Z] Time:          Mon Jan 16 2023 18:50:44 GMT-0600 (Central Standard Time)
[debug] [2023-01-17T00:50:44.168Z] ----------------------------------------------------------------------
[debug] 
[debug] [2023-01-17T00:50:44.172Z] > command requires scopes: ["email","openid","https://www.googleapis.com/auth/cloudplatformprojects.readonly","https://www.googleapis.com/auth/firebase","https://www.googleapis.com/auth/cloud-platform"]
[debug] [2023-01-17T00:50:44.173Z] > authorizing via signed-in user (patricksmcintosh@gmail.com)
[info] 
     ######## #### ########  ######## ########     ###     ######  ########
     ##        ##  ##     ## ##       ##     ##  ##   ##  ##       ##
     ######    ##  ########  ######   ########  #########  ######  ######
     ##        ##  ##    ##  ##       ##     ## ##     ##       ## ##
     ##       #### ##     ## ######## ########  ##     ##  ######  ########

You're about to initialize a Firebase project in this directory:

  C:\Dev\learning\nextfire-app

Before we get started, keep in mind:

  * You are currently outside your home directory

